06/06/2021 03:35:52 PM [INFO]製品情報の収集処理を開始します。
06/06/2021 03:35:59 PM [INFO]【カテゴリ名：スタンド型スキャナ】1ページ目の情報を取得中....
06/06/2021 03:35:59 PM [INFO]アクセス先URL：https://www.yodobashi.com//product/100000001005959751/
06/06/2021 03:36:03 PM [INFO]アクセス先URL：https://www.yodobashi.com//product/100000001002611966/
06/06/2021 03:36:11 PM [INFO]【カテゴリ名：スタンド型スキャナ】2件のデータを登録しました。
06/06/2021 03:36:15 PM [INFO]【カテゴリ名：グミ】1ページ目の情報を取得中....
06/06/2021 03:36:15 PM [INFO]アクセス先URL：https://www.yodobashi.com//product/100000001005944096/
06/06/2021 03:36:18 PM [INFO]アクセス先URL：https://www.yodobashi.com//product/100000001004270555/
06/06/2021 03:36:24 PM [INFO]アクセス先URL：https://www.yodobashi.com//product/100000001005446052/
06/06/2021 03:36:27 PM [INFO]アクセス先URL：https://www.yodobashi.com//product/100000001003286743/
06/06/2021 03:36:30 PM [INFO]アクセス先URL：https://www.yodobashi.com//product/100000001005733584/
06/06/2021 03:36:33 PM [INFO]アクセス先URL：https://www.yodobashi.com//product/100000001002476918/
06/06/2021 03:36:36 PM [INFO]アクセス先URL：https://www.yodobashi.com//product/100000001005629443/
06/06/2021 03:36:39 PM [INFO]アクセス先URL：https://www.yodobashi.com//product/100000001006007071/
06/06/2021 03:36:44 PM [INFO]アクセス先URL：https://www.yodobashi.com//product/100000001006041956/
06/06/2021 03:36:47 PM [INFO]アクセス先URL：https://www.yodobashi.com//product/100000001005267688/
06/06/2021 03:36:51 PM [INFO]アクセス先URL：https://www.yodobashi.com//product/100000001005962141/
06/06/2021 03:36:54 PM [INFO]アクセス先URL：https://www.yodobashi.com//product/100000001005800809/
06/06/2021 03:36:58 PM [INFO]アクセス先URL：https://www.yodobashi.com//product/100000001002476953/
06/06/2021 03:37:01 PM [INFO]アクセス先URL：https://www.yodobashi.com//product/100000001006017485/
06/06/2021 03:37:06 PM [INFO]アクセス先URL：https://www.yodobashi.com//product/100000001006041935/
06/06/2021 03:37:10 PM [INFO]アクセス先URL：https://www.yodobashi.com//product/100000001006082084/
06/06/2021 03:37:13 PM [INFO]アクセス先URL：https://www.yodobashi.com//product/100000001003286740/
06/06/2021 03:37:16 PM [INFO]アクセス先URL：https://www.yodobashi.com//product/100000001005161826/
06/06/2021 03:37:19 PM [INFO]アクセス先URL：https://www.yodobashi.com//product/100000001006007074/
06/06/2021 03:37:22 PM [INFO]アクセス先URL：https://www.yodobashi.com//product/100000001005518061/
06/06/2021 03:37:25 PM [INFO]アクセス先URL：https://www.yodobashi.com//product/100000001005833002/
06/06/2021 03:37:30 PM [INFO]アクセス先URL：https://www.yodobashi.com//product/100000001005516733/
06/06/2021 03:37:32 PM [INFO]アクセス先URL：https://www.yodobashi.com//product/100000001003590274/
06/06/2021 03:37:36 PM [INFO]アクセス先URL：https://www.yodobashi.com//product/100000001006041655/
06/06/2021 03:37:39 PM [INFO]アクセス先URL：https://www.yodobashi.com//product/100000001005962173/
06/06/2021 03:37:42 PM [INFO]アクセス先URL：https://www.yodobashi.com//product/100000001002774879/
06/06/2021 03:37:45 PM [INFO]アクセス先URL：https://www.yodobashi.com//product/100000001005733594/
06/06/2021 03:37:49 PM [INFO]アクセス先URL：https://www.yodobashi.com//product/100000001006082083/
06/06/2021 03:37:52 PM [INFO]アクセス先URL：https://www.yodobashi.com//product/100000001006004126/
06/06/2021 03:37:57 PM [INFO]アクセス先URL：https://www.yodobashi.com//product/100000001005518066/
06/06/2021 03:37:59 PM [INFO]アクセス先URL：https://www.yodobashi.com//product/100000001004281815/
06/06/2021 03:38:05 PM [INFO]アクセス先URL：https://www.yodobashi.com//product/100000001004865604/
06/06/2021 03:38:09 PM [INFO]アクセス先URL：https://www.yodobashi.com//product/100000001006082077/
06/06/2021 03:38:12 PM [INFO]アクセス先URL：https://www.yodobashi.com//product/100000001005417955/
06/06/2021 03:38:20 PM [INFO]【カテゴリ名：グミ】2ページ目の情報を取得中....
06/06/2021 03:38:20 PM [INFO]アクセス先URL：https://www.yodobashi.com//product/100000001005417959/
06/06/2021 03:38:24 PM [INFO]アクセス先URL：https://www.yodobashi.com//product/100000001002720826/
06/06/2021 03:38:27 PM [INFO]アクセス先URL：https://www.yodobashi.com//product/100000001004270556/
06/06/2021 03:38:30 PM [INFO]アクセス先URL：https://www.yodobashi.com//product/100000001002754096/
06/06/2021 03:38:34 PM [INFO]アクセス先URL：https://www.yodobashi.com//product/100000001005518065/
06/06/2021 03:38:36 PM [INFO]アクセス先URL：https://www.yodobashi.com//product/100000001006082074/
06/06/2021 03:38:39 PM [INFO]アクセス先URL：https://www.yodobashi.com//product/100000001004144991/
06/06/2021 03:38:42 PM [INFO]アクセス先URL：https://www.yodobashi.com//product/100000001005833063/
06/06/2021 03:38:45 PM [INFO]アクセス先URL：https://www.yodobashi.com//product/100000001002535925/
06/06/2021 03:38:48 PM [INFO]アクセス先URL：https://www.yodobashi.com//product/100000001005831187/
06/06/2021 03:38:51 PM [INFO]アクセス先URL：https://www.yodobashi.com//product/100000001006082082/
06/06/2021 03:39:00 PM [INFO]アクセス先URL：https://www.yodobashi.com//product/100000001005800797/
06/06/2021 03:39:03 PM [INFO]アクセス先URL：https://www.yodobashi.com//product/100000001004865614/
06/06/2021 03:39:07 PM [INFO]アクセス先URL：https://www.yodobashi.com//product/100000001005800807/
06/06/2021 03:39:10 PM [INFO]アクセス先URL：https://www.yodobashi.com//product/100000001004865606/
06/06/2021 03:39:13 PM [INFO]アクセス先URL：https://www.yodobashi.com//product/100000001004270545/
06/06/2021 03:39:16 PM [INFO]アクセス先URL：https://www.yodobashi.com//product/100000001006082086/
06/06/2021 03:39:22 PM [INFO]アクセス先URL：https://www.yodobashi.com//product/100000001002535926/
06/06/2021 03:39:27 PM [INFO]アクセス先URL：https://www.yodobashi.com//product/100000001005518054/
06/06/2021 03:39:29 PM [INFO]アクセス先URL：https://www.yodobashi.com//product/100000001006017487/
06/06/2021 03:39:32 PM [INFO]アクセス先URL：https://www.yodobashi.com//product/100000001006082081/
06/06/2021 03:39:37 PM [INFO]アクセス先URL：https://www.yodobashi.com//product/100000001005800808/
06/06/2021 03:39:40 PM [INFO]アクセス先URL：https://www.yodobashi.com//product/100000001006099495/
06/06/2021 03:39:44 PM [INFO]アクセス先URL：https://www.yodobashi.com//product/100000001005800877/
06/06/2021 03:39:48 PM [INFO]アクセス先URL：https://www.yodobashi.com//product/100000001006082075/
06/06/2021 03:39:52 PM [INFO]アクセス先URL：https://www.yodobashi.com//product/100000001006082078/
06/06/2021 03:39:55 PM [INFO]アクセス先URL：https://www.yodobashi.com//product/100000001005288998/
06/06/2021 03:39:58 PM [INFO]アクセス先URL：https://www.yodobashi.com//product/100000001006082076/
06/06/2021 03:40:02 PM [INFO]アクセス先URL：https://www.yodobashi.com//product/100000001006082080/
06/06/2021 03:40:08 PM [INFO]アクセス先URL：https://www.yodobashi.com//product/100000001006082079/
06/06/2021 03:40:11 PM [INFO]アクセス先URL：https://www.yodobashi.com//product/100000001006017471/
06/06/2021 03:40:16 PM [INFO]【カテゴリ名：グミ】3ページ目の情報を取得中....
06/06/2021 03:40:16 PM [INFO]アクセス先URL：https://www.yodobashi.com//product/100000001006072236/
06/06/2021 03:40:20 PM [INFO]アクセス先URL：https://www.yodobashi.com//product/100000001006017488/
06/06/2021 03:40:23 PM [INFO]アクセス先URL：https://www.yodobashi.com//product/100000001006104428/
06/06/2021 03:40:25 PM [INFO]アクセス先URL：https://www.yodobashi.com//product/100000001005525501/
06/06/2021 03:40:29 PM [INFO]アクセス先URL：https://www.yodobashi.com//product/100000001006052807/
06/06/2021 03:40:32 PM [INFO]アクセス先URL：https://www.yodobashi.com//product/100000001006052808/
06/06/2021 03:40:35 PM [INFO]アクセス先URL：https://www.yodobashi.com//product/100000001004341895/
06/06/2021 03:40:38 PM [INFO]アクセス先URL：https://www.yodobashi.com//product/100000001005417957/
06/06/2021 03:40:41 PM [INFO]アクセス先URL：https://www.yodobashi.com//product/100000001005417958/
06/06/2021 03:40:43 PM [INFO]アクセス先URL：https://www.yodobashi.com//product/100000001005868560/
06/06/2021 03:40:47 PM [INFO]アクセス先URL：https://www.yodobashi.com//product/100000001006017470/
06/06/2021 03:40:49 PM [INFO]アクセス先URL：https://www.yodobashi.com//product/100000001003478560/
06/06/2021 03:40:53 PM [INFO]アクセス先URL：https://www.yodobashi.com//product/100000001005547830/
06/06/2021 03:40:57 PM [INFO]アクセス先URL：https://www.yodobashi.com//product/100000001005922684/
06/06/2021 03:41:01 PM [INFO]アクセス先URL：https://www.yodobashi.com//product/100000001005547831/
06/06/2021 03:41:04 PM [INFO]アクセス先URL：https://www.yodobashi.com//product/100000001005547829/
06/06/2021 03:41:07 PM [INFO]アクセス先URL：https://www.yodobashi.com//product/100000001006052806/
06/06/2021 03:41:11 PM [INFO]アクセス先URL：https://www.yodobashi.com//product/100000001006052805/
06/06/2021 03:41:15 PM [INFO]アクセス先URL：https://www.yodobashi.com//product/100000001006052809/
06/06/2021 03:41:21 PM [INFO]【カテゴリ名：グミ】84件のデータを登録しました。
06/06/2021 03:41:21 PM [INFO]すべての処理が完了しました。
